-------------------------------------------------------------------------------
Test set: service.LibraryAnalyticsTest$SuspiciousBooksTests
-------------------------------------------------------------------------------
Tests run: 5, Failures: 2, Errors: 0, Skipped: 0, Time elapsed: 0.052 s <<< FAILURE! -- in service.LibraryAnalyticsTest$SuspiciousBooksTests
service.LibraryAnalyticsTest$SuspiciousBooksTests.testConditionThreeBorrowSurge -- Time elapsed: 0.012 s <<< FAILURE!
org.opentest4j.AssertionFailedError: expected: <[Anomalous Spike]> but was: <[Base 1, Base 2]>
	at org.junit.jupiter.api.AssertionFailureBuilder.build(AssertionFailureBuilder.java:151)
	at org.junit.jupiter.api.AssertionFailureBuilder.buildAndThrow(AssertionFailureBuilder.java:132)
	at org.junit.jupiter.api.AssertEquals.failNotEqual(AssertEquals.java:197)
	at org.junit.jupiter.api.AssertEquals.assertEquals(AssertEquals.java:182)
	at org.junit.jupiter.api.AssertEquals.assertEquals(AssertEquals.java:177)
	at org.junit.jupiter.api.Assertions.assertEquals(Assertions.java:1145)
	at service.LibraryAnalyticsTest$SuspiciousBooksTests.testConditionThreeBorrowSurge(LibraryAnalyticsTest.java:282)
	at java.base/java.lang.reflect.Method.invoke(Method.java:569)
	at java.base/java.util.ArrayList.forEach(ArrayList.java:1511)
	at java.base/java.util.ArrayList.forEach(ArrayList.java:1511)
	at java.base/java.util.ArrayList.forEach(ArrayList.java:1511)

service.LibraryAnalyticsTest$SuspiciousBooksTests.testConditionFourUnderperformingHighTraffic -- Time elapsed: 0.006 s <<< FAILURE!
org.opentest4j.AssertionFailedError: expected: <[Suspicious Trapped]> but was: <[Standard Vol 1, Suspicious Trapped]>
	at org.junit.jupiter.api.AssertionFailureBuilder.build(AssertionFailureBuilder.java:151)
	at org.junit.jupiter.api.AssertionFailureBuilder.buildAndThrow(AssertionFailureBuilder.java:132)
	at org.junit.jupiter.api.AssertEquals.failNotEqual(AssertEquals.java:197)
	at org.junit.jupiter.api.AssertEquals.assertEquals(AssertEquals.java:182)
	at org.junit.jupiter.api.AssertEquals.assertEquals(AssertEquals.java:177)
	at org.junit.jupiter.api.Assertions.assertEquals(Assertions.java:1145)
	at service.LibraryAnalyticsTest$SuspiciousBooksTests.testConditionFourUnderperformingHighTraffic(LibraryAnalyticsTest.java:295)
	at java.base/java.lang.reflect.Method.invoke(Method.java:569)
	at java.base/java.util.ArrayList.forEach(ArrayList.java:1511)
	at java.base/java.util.ArrayList.forEach(ArrayList.java:1511)
	at java.base/java.util.ArrayList.forEach(ArrayList.java:1511)

