<?xml version="1.0" encoding="UTF-8"?>
<testsuite xmlns:xsi="http://www.w3.org/2001/XMLSchema-instance" xsi:noNamespaceSchemaLocation="https://maven.apache.org/surefire/maven-surefire-plugin/xsd/surefire-test-report.xsd" version="3.0.2" name="org.northernarc.assessment4.Assessment4ApplicationTests" time="11.122" tests="20" errors="0" skipped="0" failures="0" flakes="0">
  <properties>
[...]
</properties>
  <testcase name="contextLoads" classname="Banking API Integration Tests" time="0.658">
    <system-out><![CDATA[10:31:12.988 [main] INFO org.springframework.test.context.support.AnnotationConfigContextLoaderUtils -- Could not detect default configuration classes for test class [org.northernarc.assessment4.Assessment4ApplicationTests]: Assessment4ApplicationTests does not declare any static, non-private, non-final, nested classes annotated with @Configuration.
10:31:13.148 [main] INFO org.springframework.boot.test.context.SpringBootTestContextBootstrapper -- Found @SpringBootConfiguration org.northernarc.assessment4.Assessment4Application for test class org.northernarc.assessment4.Assessment4ApplicationTests
10:31:13.251 [main] INFO org.springframework.test.context.support.AnnotationConfigContextLoaderUtils -- Could not detect default configuration classes for test class [org.northernarc.assessment4.Assessment4ApplicationTests]: Assessment4ApplicationTests does not declare any static, non-private, non-final, nested classes annotated with @Configuration.
10:31:13.257 [main] INFO org.springframework.boot.test.context.SpringBootTestContextBootstrapper -- Found @SpringBootConfiguration org.northernarc.assessment4.Assessment4Application for test class org.northernarc.assessment4.Assessment4ApplicationTests
10:31:13.359 [main] INFO org.springframework.boot.devtools.restart.RestartApplicationListener -- Restart disabled due to context in which it is running

  .   ____          _            __ _ _
 /\\ / ___'_ __ _ _(_)_ __  __ _ \ \ \ \
( ( )\___ | '_ | '_| | '_ \/ _` | \ \ \ \
 \\/  ___)| |_)| | | | | || (_| |  ) ) ) )
  '  |____| .__|_| |_|_| |_\__, | / / / /
 =========|_|==============|___/=/_/_/_/

 :: Spring Boot ::                (v4.1.0)

2026-07-01T10:31:13.728+05:30  INFO 22284 --- [           main] o.n.a.Assessment4ApplicationTests        : Starting Assessment4ApplicationTests using Java 21.0.11 with PID 22284 (started by renjitha.k in C:\Users\renjitha.k\Downloads\codeassessment4-main\codeassessment4-main)
2026-07-01T10:31:13.732+05:30  INFO 22284 --- [           main] o.n.a.Assessment4ApplicationTests        : No active profile set, falling back to 1 default profile: "default"
2026-07-01T10:31:14.932+05:30  INFO 22284 --- [           main] .s.d.r.c.RepositoryConfigurationDelegate : Bootstrapping Spring Data JPA repositories in DEFAULT mode.
2026-07-01T10:31:15.000+05:30  INFO 22284 --- [           main] .s.d.r.c.RepositoryConfigurationDelegate : Finished Spring Data repository scanning in 53 ms. Found 3 JPA repository interfaces.
2026-07-01T10:31:15.833+05:30  INFO 22284 --- [           main] org.hibernate.orm.jpa                    : HHH008540: Processing PersistenceUnitInfo [name: default]
2026-07-01T10:31:15.961+05:30  INFO 22284 --- [           main] org.hibernate.orm.core                   : HHH000001: Hibernate ORM core version 7.4.1.Final
2026-07-01T10:31:16.662+05:30  INFO 22284 --- [           main] o.s.o.j.p.SpringPersistenceUnitInfo      : No LoadTimeWeaver setup: ignoring JPA class transformer
2026-07-01T10:31:16.691+05:30  INFO 22284 --- [           main] com.zaxxer.hikari.HikariDataSource       : HikariPool-1 - Starting...
2026-07-01T10:31:16.866+05:30  INFO 22284 --- [           main] com.zaxxer.hikari.pool.HikariPool        : HikariPool-1 - Added connection conn0: url=jdbc:h2:mem:testdb user=SA
2026-07-01T10:31:16.868+05:30  INFO 22284 --- [           main] com.zaxxer.hikari.HikariDataSource       : HikariPool-1 - Start completed.
2026-07-01T10:31:16.925+05:30  INFO 22284 --- [           main] org.hibernate.orm.connections.pooling    : HHH10001005: Database info:
	Database JDBC URL [jdbc:h2:mem:testdb]
	Database driver: H2 JDBC Driver
	Database dialect: H2Dialect
	Database version: 2.4.240
	Default catalog/schema: TESTDB/PUBLIC
	Autocommit mode: undefined/unknown
	Isolation level: READ_COMMITTED [default READ_COMMITTED]
	JDBC fetch size: 100
	Pool: DataSourceConnectionProvider
	Minimum pool size: undefined/unknown
	Maximum pool size: undefined/unknown
2026-07-01T10:31:17.996+05:30  INFO 22284 --- [           main] org.hibernate.orm.core                   : HHH000489: No JTA platform available (set 'hibernate.transaction.jta.platform' to enable JTA platform integration)
2026-07-01T10:31:18.048+05:30  INFO 22284 --- [           main] j.LocalContainerEntityManagerFactoryBean : Initialized JPA EntityManagerFactory for persistence unit 'default'
2026-07-01T10:31:18.202+05:30  INFO 22284 --- [           main] o.s.d.j.r.query.QueryEnhancerFactories   : Hibernate is in classpath; If applicable, HQL parser will be used.
2026-07-01T10:31:19.744+05:30  INFO 22284 --- [           main] r$InitializeUserDetailsManagerConfigurer : Global AuthenticationManager configured with UserDetailsService bean with name customUserDetailsService
2026-07-01T10:31:20.006+05:30  WARN 22284 --- [           main] JpaBaseConfiguration$JpaWebConfiguration : spring.jpa.open-in-view is enabled by default. Therefore, database queries may be performed during view rendering. Explicitly configure spring.jpa.open-in-view to disable this warning
2026-07-01T10:31:21.120+05:30  INFO 22284 --- [           main] o.s.b.t.m.w.SpringBootMockServletContext : Initializing Spring TestDispatcherServlet ''
2026-07-01T10:31:21.121+05:30  INFO 22284 --- [           main] o.s.t.web.servlet.TestDispatcherServlet  : Initializing Servlet ''
2026-07-01T10:31:21.126+05:30  INFO 22284 --- [           main] o.s.t.web.servlet.TestDispatcherServlet  : Completed initialization in 5 ms
2026-07-01T10:31:21.267+05:30  INFO 22284 --- [           main] o.n.a.Assessment4ApplicationTests        : Started Assessment4ApplicationTests in 7.925 seconds (process running for 9.617)
]]></system-out>
    <system-err><![CDATA[Mockito is currently self-attaching to enable the inline-mock-maker. This will no longer work in future releases of the JDK. Please add Mockito as an agent to your build as described in Mockito's documentation: https://javadoc.io/doc/org.mockito/mockito-core/latest/org.mockito/org/mockito/Mockito.html#0.3
WARNING: A Java agent has been loaded dynamically (C:\Users\renjitha.k\.m2\repository\net\bytebuddy\byte-buddy-agent\1.18.10\byte-buddy-agent-1.18.10.jar)
WARNING: If a serviceability tool is in use, please run with -XX:+EnableDynamicAgentLoading to hide this warning
WARNING: If a serviceability tool is not in use, please run with -Djdk.instrument.traceUsage for more information
WARNING: Dynamic loading of agents will be disallowed by default in a future release
]]></system-err>
  </testcase>
  <testcase name="testGetDashboardPerformanceMetrics" classname="Final Challenge: Highly Optimized Single Execution Operations Dashboard Metrics" time="0.226">
    <system-out><![CDATA[2026-07-01T10:31:21.947+05:30  INFO 22284 --- [           main] t.c.s.AnnotationConfigContextLoaderUtils : Could not detect default configuration classes for test class [org.northernarc.assessment4.Assessment4ApplicationTests$FinalChallengeTests]: FinalChallengeTests does not declare any static, non-private, non-final, nested classes annotated with @Configuration.
2026-07-01T10:31:21.954+05:30  INFO 22284 --- [           main] .b.t.c.SpringBootTestContextBootstrapper : Found @SpringBootConfiguration org.northernarc.assessment4.Assessment4Application for test class org.northernarc.assessment4.Assessment4ApplicationTests$FinalChallengeTests
2026-07-01T10:31:21.956+05:30  INFO 22284 --- [           main] t.c.s.AnnotationConfigContextLoaderUtils : Could not detect default configuration classes for test class [org.northernarc.assessment4.Assessment4ApplicationTests$FinalChallengeTests]: FinalChallengeTests does not declare any static, non-private, non-final, nested classes annotated with @Configuration.
2026-07-01T10:31:21.957+05:30  INFO 22284 --- [           main] t.c.s.AnnotationConfigContextLoaderUtils : Could not detect default configuration classes for test class [org.northernarc.assessment4.Assessment4ApplicationTests]: Assessment4ApplicationTests does not declare any static, non-private, non-final, nested classes annotated with @Configuration.
2026-07-01T10:31:21.959+05:30  INFO 22284 --- [           main] .b.t.c.SpringBootTestContextBootstrapper : Found @SpringBootConfiguration org.northernarc.assessment4.Assessment4Application for test class org.northernarc.assessment4.Assessment4ApplicationTests$FinalChallengeTests
]]></system-out>
  </testcase>
  <testcase name="testUserCannotDeleteAccount" classname="Task 9: Method Level Role Based Access Validation Control" time="0.1">
    <system-out><![CDATA[2026-07-01T10:31:22.204+05:30  INFO 22284 --- [           main] t.c.s.AnnotationConfigContextLoaderUtils : Could not detect default configuration classes for test class [org.northernarc.assessment4.Assessment4ApplicationTests$AuthorizationTests]: AuthorizationTests does not declare any static, non-private, non-final, nested classes annotated with @Configuration.
2026-07-01T10:31:22.210+05:30  INFO 22284 --- [           main] .b.t.c.SpringBootTestContextBootstrapper : Found @SpringBootConfiguration org.northernarc.assessment4.Assessment4Application for test class org.northernarc.assessment4.Assessment4ApplicationTests$AuthorizationTests
2026-07-01T10:31:22.211+05:30  INFO 22284 --- [           main] t.c.s.AnnotationConfigContextLoaderUtils : Could not detect default configuration classes for test class [org.northernarc.assessment4.Assessment4ApplicationTests$AuthorizationTests]: AuthorizationTests does not declare any static, non-private, non-final, nested classes annotated with @Configuration.
2026-07-01T10:31:22.212+05:30  INFO 22284 --- [           main] t.c.s.AnnotationConfigContextLoaderUtils : Could not detect default configuration classes for test class [org.northernarc.assessment4.Assessment4ApplicationTests]: Assessment4ApplicationTests does not declare any static, non-private, non-final, nested classes annotated with @Configuration.
2026-07-01T10:31:22.220+05:30  INFO 22284 --- [           main] .b.t.c.SpringBootTestContextBootstrapper : Found @SpringBootConfiguration org.northernarc.assessment4.Assessment4Application for test class org.northernarc.assessment4.Assessment4ApplicationTests$AuthorizationTests
]]></system-out>
  </testcase>
  <testcase name="testManagerCanUpdateAccount" classname="Task 9: Method Level Role Based Access Validation Control" time="0.084"/>
  <testcase name="testAdminCanDeleteAccount" classname="Task 9: Method Level Role Based Access Validation Control" time="0.034"/>
  <testcase name="testDerivedQueries" classname="Task 3: Spring Data JPA Derived Query Asserts" time="0.175">
    <system-out><![CDATA[2026-07-01T10:31:22.453+05:30  INFO 22284 --- [           main] t.c.s.AnnotationConfigContextLoaderUtils : Could not detect default configuration classes for test class [org.northernarc.assessment4.Assessment4ApplicationTests$DerivedQueryTests]: DerivedQueryTests does not declare any static, non-private, non-final, nested classes annotated with @Configuration.
2026-07-01T10:31:22.455+05:30  INFO 22284 --- [           main] .b.t.c.SpringBootTestContextBootstrapper : Found @SpringBootConfiguration org.northernarc.assessment4.Assessment4Application for test class org.northernarc.assessment4.Assessment4ApplicationTests$DerivedQueryTests
2026-07-01T10:31:22.457+05:30  INFO 22284 --- [           main] t.c.s.AnnotationConfigContextLoaderUtils : Could not detect default configuration classes for test class [org.northernarc.assessment4.Assessment4ApplicationTests$DerivedQueryTests]: DerivedQueryTests does not declare any static, non-private, non-final, nested classes annotated with @Configuration.
2026-07-01T10:31:22.458+05:30  INFO 22284 --- [           main] t.c.s.AnnotationConfigContextLoaderUtils : Could not detect default configuration classes for test class [org.northernarc.assessment4.Assessment4ApplicationTests]: Assessment4ApplicationTests does not declare any static, non-private, non-final, nested classes annotated with @Configuration.
2026-07-01T10:31:22.462+05:30  INFO 22284 --- [           main] .b.t.c.SpringBootTestContextBootstrapper : Found @SpringBootConfiguration org.northernarc.assessment4.Assessment4Application for test class org.northernarc.assessment4.Assessment4ApplicationTests$DerivedQueryTests
]]></system-out>
  </testcase>
  <testcase name="testCustomerNotFoundExceptionHandling" classname="Task 10: Global Exception Interception Handlers" time="0.049">
    <system-out><![CDATA[2026-07-01T10:31:22.648+05:30  INFO 22284 --- [           main] t.c.s.AnnotationConfigContextLoaderUtils : Could not detect default configuration classes for test class [org.northernarc.assessment4.Assessment4ApplicationTests$ExceptionHandlingTests]: ExceptionHandlingTests does not declare any static, non-private, non-final, nested classes annotated with @Configuration.
2026-07-01T10:31:22.652+05:30  INFO 22284 --- [           main] .b.t.c.SpringBootTestContextBootstrapper : Found @SpringBootConfiguration org.northernarc.assessment4.Assessment4Application for test class org.northernarc.assessment4.Assessment4ApplicationTests$ExceptionHandlingTests
2026-07-01T10:31:22.653+05:30  INFO 22284 --- [           main] t.c.s.AnnotationConfigContextLoaderUtils : Could not detect default configuration classes for test class [org.northernarc.assessment4.Assessment4ApplicationTests$ExceptionHandlingTests]: ExceptionHandlingTests does not declare any static, non-private, non-final, nested classes annotated with @Configuration.
2026-07-01T10:31:22.653+05:30  INFO 22284 --- [           main] t.c.s.AnnotationConfigContextLoaderUtils : Could not detect default configuration classes for test class [org.northernarc.assessment4.Assessment4ApplicationTests]: Assessment4ApplicationTests does not declare any static, non-private, non-final, nested classes annotated with @Configuration.
2026-07-01T10:31:22.655+05:30  INFO 22284 --- [           main] .b.t.c.SpringBootTestContextBootstrapper : Found @SpringBootConfiguration org.northernarc.assessment4.Assessment4Application for test class org.northernarc.assessment4.Assessment4ApplicationTests$ExceptionHandlingTests
]]></system-out>
  </testcase>
  <testcase name="testCustomerSummaryDtoMapping" classname="Task 7: DTO Projection Mapping Layer Safeguards" time="0.044">
    <system-out><![CDATA[2026-07-01T10:31:22.714+05:30  INFO 22284 --- [           main] t.c.s.AnnotationConfigContextLoaderUtils : Could not detect default configuration classes for test class [org.northernarc.assessment4.Assessment4ApplicationTests$DtoMappingTests]: DtoMappingTests does not declare any static, non-private, non-final, nested classes annotated with @Configuration.
2026-07-01T10:31:22.716+05:30  INFO 22284 --- [           main] .b.t.c.SpringBootTestContextBootstrapper : Found @SpringBootConfiguration org.northernarc.assessment4.Assessment4Application for test class org.northernarc.assessment4.Assessment4ApplicationTests$DtoMappingTests
2026-07-01T10:31:22.717+05:30  INFO 22284 --- [           main] t.c.s.AnnotationConfigContextLoaderUtils : Could not detect default configuration classes for test class [org.northernarc.assessment4.Assessment4ApplicationTests$DtoMappingTests]: DtoMappingTests does not declare any static, non-private, non-final, nested classes annotated with @Configuration.
2026-07-01T10:31:22.717+05:30  INFO 22284 --- [           main] t.c.s.AnnotationConfigContextLoaderUtils : Could not detect default configuration classes for test class [org.northernarc.assessment4.Assessment4ApplicationTests]: Assessment4ApplicationTests does not declare any static, non-private, non-final, nested classes annotated with @Configuration.
2026-07-01T10:31:22.719+05:30  INFO 22284 --- [           main] .b.t.c.SpringBootTestContextBootstrapper : Found @SpringBootConfiguration org.northernarc.assessment4.Assessment4Application for test class org.northernarc.assessment4.Assessment4ApplicationTests$DtoMappingTests
]]></system-out>
  </testcase>
  <testcase name="testFindCustomersWithMultipleAccounts" classname="Task 4: Complex JPQL Query Operations" time="0.044">
    <system-out><![CDATA[2026-07-01T10:31:22.772+05:30  INFO 22284 --- [           main] t.c.s.AnnotationConfigContextLoaderUtils : Could not detect default configuration classes for test class [org.northernarc.assessment4.Assessment4ApplicationTests$JpqlQueryTests]: JpqlQueryTests does not declare any static, non-private, non-final, nested classes annotated with @Configuration.
2026-07-01T10:31:22.777+05:30  INFO 22284 --- [           main] .b.t.c.SpringBootTestContextBootstrapper : Found @SpringBootConfiguration org.northernarc.assessment4.Assessment4Application for test class org.northernarc.assessment4.Assessment4ApplicationTests$JpqlQueryTests
2026-07-01T10:31:22.780+05:30  INFO 22284 --- [           main] t.c.s.AnnotationConfigContextLoaderUtils : Could not detect default configuration classes for test class [org.northernarc.assessment4.Assessment4ApplicationTests$JpqlQueryTests]: JpqlQueryTests does not declare any static, non-private, non-final, nested classes annotated with @Configuration.
2026-07-01T10:31:22.780+05:30  INFO 22284 --- [           main] t.c.s.AnnotationConfigContextLoaderUtils : Could not detect default configuration classes for test class [org.northernarc.assessment4.Assessment4ApplicationTests]: Assessment4ApplicationTests does not declare any static, non-private, non-final, nested classes annotated with @Configuration.
2026-07-01T10:31:22.783+05:30  INFO 22284 --- [           main] .b.t.c.SpringBootTestContextBootstrapper : Found @SpringBootConfiguration org.northernarc.assessment4.Assessment4Application for test class org.northernarc.assessment4.Assessment4ApplicationTests$JpqlQueryTests
]]></system-out>
  </testcase>
  <testcase name="testFindAccountsWithNoTransactions" classname="Task 4: Complex JPQL Query Operations" time="0.028"/>
  <testcase name="testFindLatestTransaction" classname="Task 4: Complex JPQL Query Operations" time="0.055"/>
  <testcase name="testFindTotalBalancePerBranch" classname="Task 4: Complex JPQL Query Operations" time="0.034"/>
  <testcase name="testFindRichCustomers" classname="Task 4: Complex JPQL Query Operations" time="0.032"/>
  <testcase name="testCascadeDeleteCustomer" classname="Task 1: Entity Relationship &amp; Cascade Validation" time="0.044">
    <system-out><![CDATA[2026-07-01T10:31:23.001+05:30  INFO 22284 --- [           main] t.c.s.AnnotationConfigContextLoaderUtils : Could not detect default configuration classes for test class [org.northernarc.assessment4.Assessment4ApplicationTests$EntityMappingTests]: EntityMappingTests does not declare any static, non-private, non-final, nested classes annotated with @Configuration.
2026-07-01T10:31:23.003+05:30  INFO 22284 --- [           main] .b.t.c.SpringBootTestContextBootstrapper : Found @SpringBootConfiguration org.northernarc.assessment4.Assessment4Application for test class org.northernarc.assessment4.Assessment4ApplicationTests$EntityMappingTests
2026-07-01T10:31:23.004+05:30  INFO 22284 --- [           main] t.c.s.AnnotationConfigContextLoaderUtils : Could not detect default configuration classes for test class [org.northernarc.assessment4.Assessment4ApplicationTests$EntityMappingTests]: EntityMappingTests does not declare any static, non-private, non-final, nested classes annotated with @Configuration.
2026-07-01T10:31:23.004+05:30  INFO 22284 --- [           main] t.c.s.AnnotationConfigContextLoaderUtils : Could not detect default configuration classes for test class [org.northernarc.assessment4.Assessment4ApplicationTests]: Assessment4ApplicationTests does not declare any static, non-private, non-final, nested classes annotated with @Configuration.
2026-07-01T10:31:23.006+05:30  INFO 22284 --- [           main] .b.t.c.SpringBootTestContextBootstrapper : Found @SpringBootConfiguration org.northernarc.assessment4.Assessment4Application for test class org.northernarc.assessment4.Assessment4ApplicationTests$EntityMappingTests
]]></system-out>
  </testcase>
  <testcase name="testSuccessfulLogin" classname="Task 8: End-to-End JWT Auth Engine Handshakes" time="0.423">
    <system-out><![CDATA[2026-07-01T10:31:23.056+05:30  INFO 22284 --- [           main] t.c.s.AnnotationConfigContextLoaderUtils : Could not detect default configuration classes for test class [org.northernarc.assessment4.Assessment4ApplicationTests$JwtAuthenticationTests]: JwtAuthenticationTests does not declare any static, non-private, non-final, nested classes annotated with @Configuration.
2026-07-01T10:31:23.061+05:30  INFO 22284 --- [           main] .b.t.c.SpringBootTestContextBootstrapper : Found @SpringBootConfiguration org.northernarc.assessment4.Assessment4Application for test class org.northernarc.assessment4.Assessment4ApplicationTests$JwtAuthenticationTests
2026-07-01T10:31:23.062+05:30  INFO 22284 --- [           main] t.c.s.AnnotationConfigContextLoaderUtils : Could not detect default configuration classes for test class [org.northernarc.assessment4.Assessment4ApplicationTests$JwtAuthenticationTests]: JwtAuthenticationTests does not declare any static, non-private, non-final, nested classes annotated with @Configuration.
2026-07-01T10:31:23.062+05:30  INFO 22284 --- [           main] t.c.s.AnnotationConfigContextLoaderUtils : Could not detect default configuration classes for test class [org.northernarc.assessment4.Assessment4ApplicationTests]: Assessment4ApplicationTests does not declare any static, non-private, non-final, nested classes annotated with @Configuration.
2026-07-01T10:31:23.064+05:30  INFO 22284 --- [           main] .b.t.c.SpringBootTestContextBootstrapper : Found @SpringBootConfiguration org.northernarc.assessment4.Assessment4Application for test class org.northernarc.assessment4.Assessment4ApplicationTests$JwtAuthenticationTests
]]></system-out>
  </testcase>
  <testcase name="testUnauthenticatedAccessFails" classname="Task 8: End-to-End JWT Auth Engine Handshakes" time="0.022"/>
  <testcase name="testIncreaseBalance" classname="Task 5: Modifying In-place JPQL Target Update Invocations" time="0.028">
    <system-out><![CDATA[2026-07-01T10:31:23.516+05:30  INFO 22284 --- [           main] t.c.s.AnnotationConfigContextLoaderUtils : Could not detect default configuration classes for test class [org.northernarc.assessment4.Assessment4ApplicationTests$JpqlUpdateTests]: JpqlUpdateTests does not declare any static, non-private, non-final, nested classes annotated with @Configuration.
2026-07-01T10:31:23.517+05:30  INFO 22284 --- [           main] .b.t.c.SpringBootTestContextBootstrapper : Found @SpringBootConfiguration org.northernarc.assessment4.Assessment4Application for test class org.northernarc.assessment4.Assessment4ApplicationTests$JpqlUpdateTests
2026-07-01T10:31:23.519+05:30  INFO 22284 --- [           main] t.c.s.AnnotationConfigContextLoaderUtils : Could not detect default configuration classes for test class [org.northernarc.assessment4.Assessment4ApplicationTests$JpqlUpdateTests]: JpqlUpdateTests does not declare any static, non-private, non-final, nested classes annotated with @Configuration.
2026-07-01T10:31:23.519+05:30  INFO 22284 --- [           main] t.c.s.AnnotationConfigContextLoaderUtils : Could not detect default configuration classes for test class [org.northernarc.assessment4.Assessment4ApplicationTests]: Assessment4ApplicationTests does not declare any static, non-private, non-final, nested classes annotated with @Configuration.
2026-07-01T10:31:23.521+05:30  INFO 22284 --- [           main] .b.t.c.SpringBootTestContextBootstrapper : Found @SpringBootConfiguration org.northernarc.assessment4.Assessment4Application for test class org.northernarc.assessment4.Assessment4ApplicationTests$JpqlUpdateTests
]]></system-out>
  </testcase>
  <testcase name="testCustomerValidationConstraints" classname="Task 2: Bean Validation Unit &amp; API Constraints" time="0.104">
    <system-out><![CDATA[2026-07-01T10:31:23.556+05:30  INFO 22284 --- [           main] t.c.s.AnnotationConfigContextLoaderUtils : Could not detect default configuration classes for test class [org.northernarc.assessment4.Assessment4ApplicationTests$ValidationTests]: ValidationTests does not declare any static, non-private, non-final, nested classes annotated with @Configuration.
2026-07-01T10:31:23.559+05:30  INFO 22284 --- [           main] .b.t.c.SpringBootTestContextBootstrapper : Found @SpringBootConfiguration org.northernarc.assessment4.Assessment4Application for test class org.northernarc.assessment4.Assessment4ApplicationTests$ValidationTests
2026-07-01T10:31:23.561+05:30  INFO 22284 --- [           main] t.c.s.AnnotationConfigContextLoaderUtils : Could not detect default configuration classes for test class [org.northernarc.assessment4.Assessment4ApplicationTests$ValidationTests]: ValidationTests does not declare any static, non-private, non-final, nested classes annotated with @Configuration.
2026-07-01T10:31:23.561+05:30  INFO 22284 --- [           main] t.c.s.AnnotationConfigContextLoaderUtils : Could not detect default configuration classes for test class [org.northernarc.assessment4.Assessment4ApplicationTests]: Assessment4ApplicationTests does not declare any static, non-private, non-final, nested classes annotated with @Configuration.
2026-07-01T10:31:23.564+05:30  INFO 22284 --- [           main] .b.t.c.SpringBootTestContextBootstrapper : Found @SpringBootConfiguration org.northernarc.assessment4.Assessment4Application for test class org.northernarc.assessment4.Assessment4ApplicationTests$ValidationTests
]]></system-out>
  </testcase>
  <testcase name="testNegativeBalanceValidation" classname="Task 2: Bean Validation Unit &amp; API Constraints" time="0.04"/>
  <testcase name="testGetAccountsPaginatedAndSorted" classname="Task 6: API Driven Pagination &amp; Dynamic Sort Evaluations" time="0.064">
    <system-out><![CDATA[2026-07-01T10:31:23.715+05:30  INFO 22284 --- [           main] t.c.s.AnnotationConfigContextLoaderUtils : Could not detect default configuration classes for test class [org.northernarc.assessment4.Assessment4ApplicationTests$PaginationTests]: PaginationTests does not declare any static, non-private, non-final, nested classes annotated with @Configuration.
2026-07-01T10:31:23.717+05:30  INFO 22284 --- [           main] .b.t.c.SpringBootTestContextBootstrapper : Found @SpringBootConfiguration org.northernarc.assessment4.Assessment4Application for test class org.northernarc.assessment4.Assessment4ApplicationTests$PaginationTests
2026-07-01T10:31:23.718+05:30  INFO 22284 --- [           main] t.c.s.AnnotationConfigContextLoaderUtils : Could not detect default configuration classes for test class [org.northernarc.assessment4.Assessment4ApplicationTests$PaginationTests]: PaginationTests does not declare any static, non-private, non-final, nested classes annotated with @Configuration.
2026-07-01T10:31:23.718+05:30  INFO 22284 --- [           main] t.c.s.AnnotationConfigContextLoaderUtils : Could not detect default configuration classes for test class [org.northernarc.assessment4.Assessment4ApplicationTests]: Assessment4ApplicationTests does not declare any static, non-private, non-final, nested classes annotated with @Configuration.
2026-07-01T10:31:23.720+05:30  INFO 22284 --- [           main] .b.t.c.SpringBootTestContextBootstrapper : Found @SpringBootConfiguration org.northernarc.assessment4.Assessment4Application for test class org.northernarc.assessment4.Assessment4ApplicationTests$PaginationTests
2026-07-01T10:31:23.767+05:30  WARN 22284 --- [           main] ration$PageModule$WarningLoggingModifier : Serializing PageImpl instances as-is is not supported, meaning that there is no guarantee about the stability of the resulting JSON structure!
	For a stable JSON structure, please use Spring Data's PagedModel (globally via @EnableSpringDataWebSupport(pageSerializationMode = VIA_DTO))
	or Spring HATEOAS and Spring Data's PagedResourcesAssembler as documented in https://docs.spring.io/spring-data/commons/reference/repositories/core-extensions.html#core.web.pageables.

]]></system-out>
  </testcase>
</testsuite>